<?xml version="1.0" encoding="UTF-8"?>
<coverage generated="1688341352922" clover="3.2.0">
  <project timestamp="1688341352922" name="All files">
    <metrics statements="23" coveredstatements="23" conditionals="0" coveredconditionals="0" methods="7" coveredmethods="7" elements="30" coveredelements="30" complexity="0" loc="23" ncloc="23" packages="1" files="1" classes="1"/>
    <file name="age-calculator.js" path="/Users/shankaronmohamed/Desktop/epicodus/week5/Age-Calculator/src/age-calculator.js">
      <metrics statements="23" coveredstatements="23" conditionals="0" coveredconditionals="0" methods="7" coveredmethods="7"/>
      <line num="3" count="8" type="stmt"/>
      <line num="7" count="3" type="stmt"/>
      <line num="8" count="3" type="stmt"/>
      <line num="11" count="3" type="stmt"/>
      <line num="12" count="3" type="stmt"/>
      <line num="15" count="3" type="stmt"/>
      <line num="16" count="3" type="stmt"/>
      <line num="19" count="3" type="stmt"/>
      <line num="20" count="3" type="stmt"/>
      <line num="23" count="1" type="stmt"/>
      <line num="24" count="1" type="stmt"/>
      <line num="25" count="1" type="stmt"/>
      <line num="26" count="1" type="stmt"/>
      <line num="27" count="1" type="stmt"/>
      <line num="28" count="1" type="stmt"/>
      <line num="29" count="1" type="stmt"/>
      <line num="38" count="1" type="stmt"/>
      <line num="39" count="1" type="stmt"/>
      <line num="40" count="1" type="stmt"/>
      <line num="41" count="1" type="stmt"/>
      <line num="42" count="1" type="stmt"/>
      <line num="43" count="1" type="stmt"/>
      <line num="44" count="1" type="stmt"/>
    </file>
  </project>
</coverage>
