{"/Users/shankaronmohamed/Desktop/epicodus/week5/Age-Calculator/src/age-calculator.js": {"path":"/Users/shankaronmohamed/Desktop/epicodus/week5/Age-Calculator/src/age-calculator.js","statementMap":{"0":{"start":{"line":3,"column":4},"end":{"line":3,"column":25}},"1":{"start":{"line":7,"column":23},"end":{"line":7,"column":41}},"2":{"start":{"line":8,"column":4},"end":{"line":8,"column":46}},"3":{"start":{"line":11,"column":21},"end":{"line":11,"column":39}},"4":{"start":{"line":12,"column":4},"end":{"line":12,"column":44}},"5":{"start":{"line":15,"column":20},"end":{"line":15,"column":38}},"6":{"start":{"line":16,"column":4},"end":{"line":16,"column":43}},"7":{"start":{"line":19,"column":23},"end":{"line":19,"column":42}},"8":{"start":{"line":20,"column":4},"end":{"line":20,"column":46}},"9":{"start":{"line":23,"column":29},"end":{"line":23,"column":48}},"10":{"start":{"line":24,"column":24},"end":{"line":24,"column":56}},"11":{"start":{"line":25,"column":28},"end":{"line":25,"column":58}},"12":{"start":{"line":26,"column":31},"end":{"line":26,"column":64}},"13":{"start":{"line":27,"column":29},"end":{"line":27,"column":60}},"14":{"start":{"line":28,"column":31},"end":{"line":28,"column":64}},"15":{"start":{"line":29,"column":4},"end":{"line":35,"column":6}},"16":{"start":{"line":38,"column":32},"end":{"line":38,"column":47}},"17":{"start":{"line":39,"column":18},"end":{"line":39,"column":53}},"18":{"start":{"line":40,"column":31},"end":{"line":40,"column":55}},"19":{"start":{"line":41,"column":34},"end":{"line":41,"column":61}},"20":{"start":{"line":42,"column":32},"end":{"line":42,"column":57}},"21":{"start":{"line":43,"column":34},"end":{"line":43,"column":61}},"22":{"start":{"line":44,"column":4},"end":{"line":50,"column":6}}},"fnMap":{"0":{"name":"(anonymous_0)","decl":{"start":{"line":2,"column":2},"end":{"line":2,"column":3}},"loc":{"start":{"line":2,"column":22},"end":{"line":4,"column":3}},"line":2},"1":{"name":"(anonymous_1)","decl":{"start":{"line":6,"column":2},"end":{"line":6,"column":3}},"loc":{"start":{"line":6,"column":24},"end":{"line":9,"column":3}},"line":6},"2":{"name":"(anonymous_2)","decl":{"start":{"line":10,"column":2},"end":{"line":10,"column":3}},"loc":{"start":{"line":10,"column":22},"end":{"line":13,"column":3}},"line":10},"3":{"name":"(anonymous_3)","decl":{"start":{"line":14,"column":2},"end":{"line":14,"column":3}},"loc":{"start":{"line":14,"column":21},"end":{"line":17,"column":3}},"line":14},"4":{"name":"(anonymous_4)","decl":{"start":{"line":18,"column":2},"end":{"line":18,"column":3}},"loc":{"start":{"line":18,"column":24},"end":{"line":21,"column":3}},"line":18},"5":{"name":"(anonymous_5)","decl":{"start":{"line":22,"column":2},"end":{"line":22,"column":3}},"loc":{"start":{"line":22,"column":43},"end":{"line":36,"column":3}},"line":22},"6":{"name":"(anonymous_6)","decl":{"start":{"line":37,"column":2},"end":{"line":37,"column":3}},"loc":{"start":{"line":37,"column":42},"end":{"line":51,"column":3}},"line":37}},"branchMap":{},"s":{"0":8,"1":3,"2":3,"3":3,"4":3,"5":3,"6":3,"7":3,"8":3,"9":1,"10":1,"11":1,"12":1,"13":1,"14":1,"15":1,"16":1,"17":1,"18":1,"19":1,"20":1,"21":1,"22":1},"f":{"0":8,"1":3,"2":3,"3":3,"4":3,"5":1,"6":1},"b":{},"_coverageSchema":"43e27e138ebf9cfc5966b082cf9a028302ed4184","hash":"46253c11c3a28c895d11c48a233751a058ba07e8"}
}
